Determining if the function _close exists failed with the following output:
Change Dir: /home/ubuntu/Desktop/Project/modman/submodule/zip/lib/libzip-1.10.0/build/CMakeFiles/CMakeTmp

Run Build Command(s):/usr/bin/gmake -f Makefile cmTC_94ae2/fast && gmake[1]: Entering directory '/home/ubuntu/Desktop/Project/modman/submodule/zip/lib/libzip-1.10.0/build/CMakeFiles/CMakeTmp'
/usr/bin/gmake  -f CMakeFiles/cmTC_94ae2.dir/build.make CMakeFiles/cmTC_94ae2.dir/build
gmake[2]: Entering directory '/home/ubuntu/Desktop/Project/modman/submodule/zip/lib/libzip-1.10.0/build/CMakeFiles/CMakeTmp'
Building C object CMakeFiles/cmTC_94ae2.dir/CheckFunctionExists.c.o
/usr/bin/cc -D__STDC_WANT_LIB_EXT1__=1  -DCHECK_FUNCTION_EXISTS=_close -o CMakeFiles/cmTC_94ae2.dir/CheckFunctionExists.c.o -c /usr/share/cmake-3.22/Modules/CheckFunctionExists.c
Linking C executable cmTC_94ae2
/usr/bin/cmake -E cmake_link_script CMakeFiles/cmTC_94ae2.dir/link.txt --verbose=1
/usr/bin/cc  -DCHECK_FUNCTION_EXISTS=_close CMakeFiles/cmTC_94ae2.dir/CheckFunctionExists.c.o -o cmTC_94ae2 
/usr/bin/ld: CMakeFiles/cmTC_94ae2.dir/CheckFunctionExists.c.o: in function `main':
CheckFunctionExists.c:(.text+0x14): undefined reference to `_close'
collect2: error: ld returned 1 exit status
gmake[2]: *** [CMakeFiles/cmTC_94ae2.dir/build.make:99: cmTC_94ae2] Error 1
gmake[2]: Leaving directory '/home/ubuntu/Desktop/Project/modman/submodule/zip/lib/libzip-1.10.0/build/CMakeFiles/CMakeTmp'
gmake[1]: *** [Makefile:127: cmTC_94ae2/fast] Error 2
gmake[1]: Leaving directory '/home/ubuntu/Desktop/Project/modman/submodule/zip/lib/libzip-1.10.0/build/CMakeFiles/CMakeTmp'



Determining if the function _dup exists failed with the following output:
Change Dir: /home/ubuntu/Desktop/Project/modman/submodule/zip/lib/libzip-1.10.0/build/CMakeFiles/CMakeTmp

Run Build Command(s):/usr/bin/gmake -f Makefile cmTC_4c1d5/fast && gmake[1]: Entering directory '/home/ubuntu/Desktop/Project/modman/submodule/zip/lib/libzip-1.10.0/build/CMakeFiles/CMakeTmp'
/usr/bin/gmake  -f CMakeFiles/cmTC_4c1d5.dir/build.make CMakeFiles/cmTC_4c1d5.dir/build
gmake[2]: Entering directory '/home/ubuntu/Desktop/Project/modman/submodule/zip/lib/libzip-1.10.0/build/CMakeFiles/CMakeTmp'
Building C object CMakeFiles/cmTC_4c1d5.dir/CheckFunctionExists.c.o
/usr/bin/cc -D__STDC_WANT_LIB_EXT1__=1  -DCHECK_FUNCTION_EXISTS=_dup -o CMakeFiles/cmTC_4c1d5.dir/CheckFunctionExists.c.o -c /usr/share/cmake-3.22/Modules/CheckFunctionExists.c
Linking C executable cmTC_4c1d5
/usr/bin/cmake -E cmake_link_script CMakeFiles/cmTC_4c1d5.dir/link.txt --verbose=1
/usr/bin/cc  -DCHECK_FUNCTION_EXISTS=_dup CMakeFiles/cmTC_4c1d5.dir/CheckFunctionExists.c.o -o cmTC_4c1d5 
/usr/bin/ld: CMakeFiles/cmTC_4c1d5.dir/CheckFunctionExists.c.o: in function `main':
CheckFunctionExists.c:(.text+0x14): undefined reference to `_dup'
collect2: error: ld returned 1 exit status
gmake[2]: *** [CMakeFiles/cmTC_4c1d5.dir/build.make:99: cmTC_4c1d5] Error 1
gmake[2]: Leaving directory '/home/ubuntu/Desktop/Project/modman/submodule/zip/lib/libzip-1.10.0/build/CMakeFiles/CMakeTmp'
gmake[1]: *** [Makefile:127: cmTC_4c1d5/fast] Error 2
gmake[1]: Leaving directory '/home/ubuntu/Desktop/Project/modman/submodule/zip/lib/libzip-1.10.0/build/CMakeFiles/CMakeTmp'



Determining if the function _fdopen exists failed with the following output:
Change Dir: /home/ubuntu/Desktop/Project/modman/submodule/zip/lib/libzip-1.10.0/build/CMakeFiles/CMakeTmp

Run Build Command(s):/usr/bin/gmake -f Makefile cmTC_e2ae8/fast && gmake[1]: Entering directory '/home/ubuntu/Desktop/Project/modman/submodule/zip/lib/libzip-1.10.0/build/CMakeFiles/CMakeTmp'
/usr/bin/gmake  -f CMakeFiles/cmTC_e2ae8.dir/build.make CMakeFiles/cmTC_e2ae8.dir/build
gmake[2]: Entering directory '/home/ubuntu/Desktop/Project/modman/submodule/zip/lib/libzip-1.10.0/build/CMakeFiles/CMakeTmp'
Building C object CMakeFiles/cmTC_e2ae8.dir/CheckFunctionExists.c.o
/usr/bin/cc -D__STDC_WANT_LIB_EXT1__=1  -DCHECK_FUNCTION_EXISTS=_fdopen -o CMakeFiles/cmTC_e2ae8.dir/CheckFunctionExists.c.o -c /usr/share/cmake-3.22/Modules/CheckFunctionExists.c
Linking C executable cmTC_e2ae8
/usr/bin/cmake -E cmake_link_script CMakeFiles/cmTC_e2ae8.dir/link.txt --verbose=1
/usr/bin/cc  -DCHECK_FUNCTION_EXISTS=_fdopen CMakeFiles/cmTC_e2ae8.dir/CheckFunctionExists.c.o -o cmTC_e2ae8 
/usr/bin/ld: CMakeFiles/cmTC_e2ae8.dir/CheckFunctionExists.c.o: in function `main':
CheckFunctionExists.c:(.text+0x14): undefined reference to `_fdopen'
collect2: error: ld returned 1 exit status
gmake[2]: *** [CMakeFiles/cmTC_e2ae8.dir/build.make:99: cmTC_e2ae8] Error 1
gmake[2]: Leaving directory '/home/ubuntu/Desktop/Project/modman/submodule/zip/lib/libzip-1.10.0/build/CMakeFiles/CMakeTmp'
gmake[1]: *** [Makefile:127: cmTC_e2ae8/fast] Error 2
gmake[1]: Leaving directory '/home/ubuntu/Desktop/Project/modman/submodule/zip/lib/libzip-1.10.0/build/CMakeFiles/CMakeTmp'



Determining if the function _fileno exists failed with the following output:
Change Dir: /home/ubuntu/Desktop/Project/modman/submodule/zip/lib/libzip-1.10.0/build/CMakeFiles/CMakeTmp

Run Build Command(s):/usr/bin/gmake -f Makefile cmTC_1c36c/fast && gmake[1]: Entering directory '/home/ubuntu/Desktop/Project/modman/submodule/zip/lib/libzip-1.10.0/build/CMakeFiles/CMakeTmp'
/usr/bin/gmake  -f CMakeFiles/cmTC_1c36c.dir/build.make CMakeFiles/cmTC_1c36c.dir/build
gmake[2]: Entering directory '/home/ubuntu/Desktop/Project/modman/submodule/zip/lib/libzip-1.10.0/build/CMakeFiles/CMakeTmp'
Building C object CMakeFiles/cmTC_1c36c.dir/CheckFunctionExists.c.o
/usr/bin/cc -D__STDC_WANT_LIB_EXT1__=1  -DCHECK_FUNCTION_EXISTS=_fileno -o CMakeFiles/cmTC_1c36c.dir/CheckFunctionExists.c.o -c /usr/share/cmake-3.22/Modules/CheckFunctionExists.c
Linking C executable cmTC_1c36c
/usr/bin/cmake -E cmake_link_script CMakeFiles/cmTC_1c36c.dir/link.txt --verbose=1
/usr/bin/cc  -DCHECK_FUNCTION_EXISTS=_fileno CMakeFiles/cmTC_1c36c.dir/CheckFunctionExists.c.o -o cmTC_1c36c 
/usr/bin/ld: CMakeFiles/cmTC_1c36c.dir/CheckFunctionExists.c.o: in function `main':
CheckFunctionExists.c:(.text+0x14): undefined reference to `_fileno'
collect2: error: ld returned 1 exit status
gmake[2]: *** [CMakeFiles/cmTC_1c36c.dir/build.make:99: cmTC_1c36c] Error 1
gmake[2]: Leaving directory '/home/ubuntu/Desktop/Project/modman/submodule/zip/lib/libzip-1.10.0/build/CMakeFiles/CMakeTmp'
gmake[1]: *** [Makefile:127: cmTC_1c36c/fast] Error 2
gmake[1]: Leaving directory '/home/ubuntu/Desktop/Project/modman/submodule/zip/lib/libzip-1.10.0/build/CMakeFiles/CMakeTmp'



Determining if the function _setmode exists failed with the following output:
Change Dir: /home/ubuntu/Desktop/Project/modman/submodule/zip/lib/libzip-1.10.0/build/CMakeFiles/CMakeTmp

Run Build Command(s):/usr/bin/gmake -f Makefile cmTC_9bcb2/fast && gmake[1]: Entering directory '/home/ubuntu/Desktop/Project/modman/submodule/zip/lib/libzip-1.10.0/build/CMakeFiles/CMakeTmp'
/usr/bin/gmake  -f CMakeFiles/cmTC_9bcb2.dir/build.make CMakeFiles/cmTC_9bcb2.dir/build
gmake[2]: Entering directory '/home/ubuntu/Desktop/Project/modman/submodule/zip/lib/libzip-1.10.0/build/CMakeFiles/CMakeTmp'
Building C object CMakeFiles/cmTC_9bcb2.dir/CheckFunctionExists.c.o
/usr/bin/cc -D__STDC_WANT_LIB_EXT1__=1  -DCHECK_FUNCTION_EXISTS=_setmode -o CMakeFiles/cmTC_9bcb2.dir/CheckFunctionExists.c.o -c /usr/share/cmake-3.22/Modules/CheckFunctionExists.c
Linking C executable cmTC_9bcb2
/usr/bin/cmake -E cmake_link_script CMakeFiles/cmTC_9bcb2.dir/link.txt --verbose=1
/usr/bin/cc  -DCHECK_FUNCTION_EXISTS=_setmode CMakeFiles/cmTC_9bcb2.dir/CheckFunctionExists.c.o -o cmTC_9bcb2 
/usr/bin/ld: CMakeFiles/cmTC_9bcb2.dir/CheckFunctionExists.c.o: in function `main':
CheckFunctionExists.c:(.text+0x14): undefined reference to `_setmode'
collect2: error: ld returned 1 exit status
gmake[2]: *** [CMakeFiles/cmTC_9bcb2.dir/build.make:99: cmTC_9bcb2] Error 1
gmake[2]: Leaving directory '/home/ubuntu/Desktop/Project/modman/submodule/zip/lib/libzip-1.10.0/build/CMakeFiles/CMakeTmp'
gmake[1]: *** [Makefile:127: cmTC_9bcb2/fast] Error 2
gmake[1]: Leaving directory '/home/ubuntu/Desktop/Project/modman/submodule/zip/lib/libzip-1.10.0/build/CMakeFiles/CMakeTmp'



Determining if the _snprintf exist failed with the following output:
Change Dir: /home/ubuntu/Desktop/Project/modman/submodule/zip/lib/libzip-1.10.0/build/CMakeFiles/CMakeTmp

Run Build Command(s):/usr/bin/gmake -f Makefile cmTC_31d43/fast && gmake[1]: Entering directory '/home/ubuntu/Desktop/Project/modman/submodule/zip/lib/libzip-1.10.0/build/CMakeFiles/CMakeTmp'
/usr/bin/gmake  -f CMakeFiles/cmTC_31d43.dir/build.make CMakeFiles/cmTC_31d43.dir/build
gmake[2]: Entering directory '/home/ubuntu/Desktop/Project/modman/submodule/zip/lib/libzip-1.10.0/build/CMakeFiles/CMakeTmp'
Building C object CMakeFiles/cmTC_31d43.dir/CheckSymbolExists.c.o
/usr/bin/cc -D__STDC_WANT_LIB_EXT1__=1   -o CMakeFiles/cmTC_31d43.dir/CheckSymbolExists.c.o -c /home/ubuntu/Desktop/Project/modman/submodule/zip/lib/libzip-1.10.0/build/CMakeFiles/CMakeTmp/CheckSymbolExists.c
/home/ubuntu/Desktop/Project/modman/submodule/zip/lib/libzip-1.10.0/build/CMakeFiles/CMakeTmp/CheckSymbolExists.c: In function ‘main’:
/home/ubuntu/Desktop/Project/modman/submodule/zip/lib/libzip-1.10.0/build/CMakeFiles/CMakeTmp/CheckSymbolExists.c:8:19: error: ‘_snprintf’ undeclared (first use in this function); did you mean ‘vsnprintf’?
    8 |   return ((int*)(&_snprintf))[argc];
      |                   ^~~~~~~~~
      |                   vsnprintf
/home/ubuntu/Desktop/Project/modman/submodule/zip/lib/libzip-1.10.0/build/CMakeFiles/CMakeTmp/CheckSymbolExists.c:8:19: note: each undeclared identifier is reported only once for each function it appears in
gmake[2]: *** [CMakeFiles/cmTC_31d43.dir/build.make:78: CMakeFiles/cmTC_31d43.dir/CheckSymbolExists.c.o] Error 1
gmake[2]: Leaving directory '/home/ubuntu/Desktop/Project/modman/submodule/zip/lib/libzip-1.10.0/build/CMakeFiles/CMakeTmp'
gmake[1]: *** [Makefile:127: cmTC_31d43/fast] Error 2
gmake[1]: Leaving directory '/home/ubuntu/Desktop/Project/modman/submodule/zip/lib/libzip-1.10.0/build/CMakeFiles/CMakeTmp'


File /home/ubuntu/Desktop/Project/modman/submodule/zip/lib/libzip-1.10.0/build/CMakeFiles/CMakeTmp/CheckSymbolExists.c:
/* */
#include <stdio.h>

int main(int argc, char** argv)
{
  (void)argv;
#ifndef _snprintf
  return ((int*)(&_snprintf))[argc];
#else
  (void)argc;
  return 0;
#endif
}
Determining if the _snprintf_s exist failed with the following output:
Change Dir: /home/ubuntu/Desktop/Project/modman/submodule/zip/lib/libzip-1.10.0/build/CMakeFiles/CMakeTmp

Run Build Command(s):/usr/bin/gmake -f Makefile cmTC_dfd03/fast && gmake[1]: Entering directory '/home/ubuntu/Desktop/Project/modman/submodule/zip/lib/libzip-1.10.0/build/CMakeFiles/CMakeTmp'
/usr/bin/gmake  -f CMakeFiles/cmTC_dfd03.dir/build.make CMakeFiles/cmTC_dfd03.dir/build
gmake[2]: Entering directory '/home/ubuntu/Desktop/Project/modman/submodule/zip/lib/libzip-1.10.0/build/CMakeFiles/CMakeTmp'
Building C object CMakeFiles/cmTC_dfd03.dir/CheckSymbolExists.c.o
/usr/bin/cc -D__STDC_WANT_LIB_EXT1__=1   -o CMakeFiles/cmTC_dfd03.dir/CheckSymbolExists.c.o -c /home/ubuntu/Desktop/Project/modman/submodule/zip/lib/libzip-1.10.0/build/CMakeFiles/CMakeTmp/CheckSymbolExists.c
/home/ubuntu/Desktop/Project/modman/submodule/zip/lib/libzip-1.10.0/build/CMakeFiles/CMakeTmp/CheckSymbolExists.c: In function ‘main’:
/home/ubuntu/Desktop/Project/modman/submodule/zip/lib/libzip-1.10.0/build/CMakeFiles/CMakeTmp/CheckSymbolExists.c:8:19: error: ‘_snprintf_s’ undeclared (first use in this function); did you mean ‘vsnprintf’?
    8 |   return ((int*)(&_snprintf_s))[argc];
      |                   ^~~~~~~~~~~
      |                   vsnprintf
/home/ubuntu/Desktop/Project/modman/submodule/zip/lib/libzip-1.10.0/build/CMakeFiles/CMakeTmp/CheckSymbolExists.c:8:19: note: each undeclared identifier is reported only once for each function it appears in
gmake[2]: *** [CMakeFiles/cmTC_dfd03.dir/build.make:78: CMakeFiles/cmTC_dfd03.dir/CheckSymbolExists.c.o] Error 1
gmake[2]: Leaving directory '/home/ubuntu/Desktop/Project/modman/submodule/zip/lib/libzip-1.10.0/build/CMakeFiles/CMakeTmp'
gmake[1]: *** [Makefile:127: cmTC_dfd03/fast] Error 2
gmake[1]: Leaving directory '/home/ubuntu/Desktop/Project/modman/submodule/zip/lib/libzip-1.10.0/build/CMakeFiles/CMakeTmp'


File /home/ubuntu/Desktop/Project/modman/submodule/zip/lib/libzip-1.10.0/build/CMakeFiles/CMakeTmp/CheckSymbolExists.c:
/* */
#include <stdio.h>

int main(int argc, char** argv)
{
  (void)argv;
#ifndef _snprintf_s
  return ((int*)(&_snprintf_s))[argc];
#else
  (void)argc;
  return 0;
#endif
}
Determining if the _snwprintf_s exist failed with the following output:
Change Dir: /home/ubuntu/Desktop/Project/modman/submodule/zip/lib/libzip-1.10.0/build/CMakeFiles/CMakeTmp

Run Build Command(s):/usr/bin/gmake -f Makefile cmTC_bffa7/fast && gmake[1]: Entering directory '/home/ubuntu/Desktop/Project/modman/submodule/zip/lib/libzip-1.10.0/build/CMakeFiles/CMakeTmp'
/usr/bin/gmake  -f CMakeFiles/cmTC_bffa7.dir/build.make CMakeFiles/cmTC_bffa7.dir/build
gmake[2]: Entering directory '/home/ubuntu/Desktop/Project/modman/submodule/zip/lib/libzip-1.10.0/build/CMakeFiles/CMakeTmp'
Building C object CMakeFiles/cmTC_bffa7.dir/CheckSymbolExists.c.o
/usr/bin/cc -D__STDC_WANT_LIB_EXT1__=1   -o CMakeFiles/cmTC_bffa7.dir/CheckSymbolExists.c.o -c /home/ubuntu/Desktop/Project/modman/submodule/zip/lib/libzip-1.10.0/build/CMakeFiles/CMakeTmp/CheckSymbolExists.c
/home/ubuntu/Desktop/Project/modman/submodule/zip/lib/libzip-1.10.0/build/CMakeFiles/CMakeTmp/CheckSymbolExists.c: In function ‘main’:
/home/ubuntu/Desktop/Project/modman/submodule/zip/lib/libzip-1.10.0/build/CMakeFiles/CMakeTmp/CheckSymbolExists.c:8:19: error: ‘_snwprintf_s’ undeclared (first use in this function); did you mean ‘vsnprintf’?
    8 |   return ((int*)(&_snwprintf_s))[argc];
      |                   ^~~~~~~~~~~~
      |                   vsnprintf
/home/ubuntu/Desktop/Project/modman/submodule/zip/lib/libzip-1.10.0/build/CMakeFiles/CMakeTmp/CheckSymbolExists.c:8:19: note: each undeclared identifier is reported only once for each function it appears in
gmake[2]: *** [CMakeFiles/cmTC_bffa7.dir/build.make:78: CMakeFiles/cmTC_bffa7.dir/CheckSymbolExists.c.o] Error 1
gmake[2]: Leaving directory '/home/ubuntu/Desktop/Project/modman/submodule/zip/lib/libzip-1.10.0/build/CMakeFiles/CMakeTmp'
gmake[1]: *** [Makefile:127: cmTC_bffa7/fast] Error 2
gmake[1]: Leaving directory '/home/ubuntu/Desktop/Project/modman/submodule/zip/lib/libzip-1.10.0/build/CMakeFiles/CMakeTmp'


File /home/ubuntu/Desktop/Project/modman/submodule/zip/lib/libzip-1.10.0/build/CMakeFiles/CMakeTmp/CheckSymbolExists.c:
/* */
#include <stdio.h>

int main(int argc, char** argv)
{
  (void)argv;
#ifndef _snwprintf_s
  return ((int*)(&_snwprintf_s))[argc];
#else
  (void)argc;
  return 0;
#endif
}
Determining if the function _strdup exists failed with the following output:
Change Dir: /home/ubuntu/Desktop/Project/modman/submodule/zip/lib/libzip-1.10.0/build/CMakeFiles/CMakeTmp

Run Build Command(s):/usr/bin/gmake -f Makefile cmTC_2e49d/fast && gmake[1]: Entering directory '/home/ubuntu/Desktop/Project/modman/submodule/zip/lib/libzip-1.10.0/build/CMakeFiles/CMakeTmp'
/usr/bin/gmake  -f CMakeFiles/cmTC_2e49d.dir/build.make CMakeFiles/cmTC_2e49d.dir/build
gmake[2]: Entering directory '/home/ubuntu/Desktop/Project/modman/submodule/zip/lib/libzip-1.10.0/build/CMakeFiles/CMakeTmp'
Building C object CMakeFiles/cmTC_2e49d.dir/CheckFunctionExists.c.o
/usr/bin/cc -D__STDC_WANT_LIB_EXT1__=1  -DCHECK_FUNCTION_EXISTS=_strdup -o CMakeFiles/cmTC_2e49d.dir/CheckFunctionExists.c.o -c /usr/share/cmake-3.22/Modules/CheckFunctionExists.c
Linking C executable cmTC_2e49d
/usr/bin/cmake -E cmake_link_script CMakeFiles/cmTC_2e49d.dir/link.txt --verbose=1
/usr/bin/cc  -DCHECK_FUNCTION_EXISTS=_strdup CMakeFiles/cmTC_2e49d.dir/CheckFunctionExists.c.o -o cmTC_2e49d 
/usr/bin/ld: CMakeFiles/cmTC_2e49d.dir/CheckFunctionExists.c.o: in function `main':
CheckFunctionExists.c:(.text+0x14): undefined reference to `_strdup'
collect2: error: ld returned 1 exit status
gmake[2]: *** [CMakeFiles/cmTC_2e49d.dir/build.make:99: cmTC_2e49d] Error 1
gmake[2]: Leaving directory '/home/ubuntu/Desktop/Project/modman/submodule/zip/lib/libzip-1.10.0/build/CMakeFiles/CMakeTmp'
gmake[1]: *** [Makefile:127: cmTC_2e49d/fast] Error 2
gmake[1]: Leaving directory '/home/ubuntu/Desktop/Project/modman/submodule/zip/lib/libzip-1.10.0/build/CMakeFiles/CMakeTmp'



Determining if the _stricmp exist failed with the following output:
Change Dir: /home/ubuntu/Desktop/Project/modman/submodule/zip/lib/libzip-1.10.0/build/CMakeFiles/CMakeTmp

Run Build Command(s):/usr/bin/gmake -f Makefile cmTC_d8bd4/fast && gmake[1]: Entering directory '/home/ubuntu/Desktop/Project/modman/submodule/zip/lib/libzip-1.10.0/build/CMakeFiles/CMakeTmp'
/usr/bin/gmake  -f CMakeFiles/cmTC_d8bd4.dir/build.make CMakeFiles/cmTC_d8bd4.dir/build
gmake[2]: Entering directory '/home/ubuntu/Desktop/Project/modman/submodule/zip/lib/libzip-1.10.0/build/CMakeFiles/CMakeTmp'
Building C object CMakeFiles/cmTC_d8bd4.dir/CheckSymbolExists.c.o
/usr/bin/cc -D__STDC_WANT_LIB_EXT1__=1   -o CMakeFiles/cmTC_d8bd4.dir/CheckSymbolExists.c.o -c /home/ubuntu/Desktop/Project/modman/submodule/zip/lib/libzip-1.10.0/build/CMakeFiles/CMakeTmp/CheckSymbolExists.c
/home/ubuntu/Desktop/Project/modman/submodule/zip/lib/libzip-1.10.0/build/CMakeFiles/CMakeTmp/CheckSymbolExists.c: In function ‘main’:
/home/ubuntu/Desktop/Project/modman/submodule/zip/lib/libzip-1.10.0/build/CMakeFiles/CMakeTmp/CheckSymbolExists.c:8:19: error: ‘_stricmp’ undeclared (first use in this function); did you mean ‘strncmp’?
    8 |   return ((int*)(&_stricmp))[argc];
      |                   ^~~~~~~~
      |                   strncmp
/home/ubuntu/Desktop/Project/modman/submodule/zip/lib/libzip-1.10.0/build/CMakeFiles/CMakeTmp/CheckSymbolExists.c:8:19: note: each undeclared identifier is reported only once for each function it appears in
gmake[2]: *** [CMakeFiles/cmTC_d8bd4.dir/build.make:78: CMakeFiles/cmTC_d8bd4.dir/CheckSymbolExists.c.o] Error 1
gmake[2]: Leaving directory '/home/ubuntu/Desktop/Project/modman/submodule/zip/lib/libzip-1.10.0/build/CMakeFiles/CMakeTmp'
gmake[1]: *** [Makefile:127: cmTC_d8bd4/fast] Error 2
gmake[1]: Leaving directory '/home/ubuntu/Desktop/Project/modman/submodule/zip/lib/libzip-1.10.0/build/CMakeFiles/CMakeTmp'


File /home/ubuntu/Desktop/Project/modman/submodule/zip/lib/libzip-1.10.0/build/CMakeFiles/CMakeTmp/CheckSymbolExists.c:
/* */
#include <string.h>

int main(int argc, char** argv)
{
  (void)argv;
#ifndef _stricmp
  return ((int*)(&_stricmp))[argc];
#else
  (void)argc;
  return 0;
#endif
}
Determining if the function _strtoi64 exists failed with the following output:
Change Dir: /home/ubuntu/Desktop/Project/modman/submodule/zip/lib/libzip-1.10.0/build/CMakeFiles/CMakeTmp

Run Build Command(s):/usr/bin/gmake -f Makefile cmTC_7c4b2/fast && gmake[1]: Entering directory '/home/ubuntu/Desktop/Project/modman/submodule/zip/lib/libzip-1.10.0/build/CMakeFiles/CMakeTmp'
/usr/bin/gmake  -f CMakeFiles/cmTC_7c4b2.dir/build.make CMakeFiles/cmTC_7c4b2.dir/build
gmake[2]: Entering directory '/home/ubuntu/Desktop/Project/modman/submodule/zip/lib/libzip-1.10.0/build/CMakeFiles/CMakeTmp'
Building C object CMakeFiles/cmTC_7c4b2.dir/CheckFunctionExists.c.o
/usr/bin/cc -D__STDC_WANT_LIB_EXT1__=1  -DCHECK_FUNCTION_EXISTS=_strtoi64 -o CMakeFiles/cmTC_7c4b2.dir/CheckFunctionExists.c.o -c /usr/share/cmake-3.22/Modules/CheckFunctionExists.c
Linking C executable cmTC_7c4b2
/usr/bin/cmake -E cmake_link_script CMakeFiles/cmTC_7c4b2.dir/link.txt --verbose=1
/usr/bin/cc  -DCHECK_FUNCTION_EXISTS=_strtoi64 CMakeFiles/cmTC_7c4b2.dir/CheckFunctionExists.c.o -o cmTC_7c4b2 
/usr/bin/ld: CMakeFiles/cmTC_7c4b2.dir/CheckFunctionExists.c.o: in function `main':
CheckFunctionExists.c:(.text+0x14): undefined reference to `_strtoi64'
collect2: error: ld returned 1 exit status
gmake[2]: *** [CMakeFiles/cmTC_7c4b2.dir/build.make:99: cmTC_7c4b2] Error 1
gmake[2]: Leaving directory '/home/ubuntu/Desktop/Project/modman/submodule/zip/lib/libzip-1.10.0/build/CMakeFiles/CMakeTmp'
gmake[1]: *** [Makefile:127: cmTC_7c4b2/fast] Error 2
gmake[1]: Leaving directory '/home/ubuntu/Desktop/Project/modman/submodule/zip/lib/libzip-1.10.0/build/CMakeFiles/CMakeTmp'



Determining if the function _strtoui64 exists failed with the following output:
Change Dir: /home/ubuntu/Desktop/Project/modman/submodule/zip/lib/libzip-1.10.0/build/CMakeFiles/CMakeTmp

Run Build Command(s):/usr/bin/gmake -f Makefile cmTC_6013e/fast && gmake[1]: Entering directory '/home/ubuntu/Desktop/Project/modman/submodule/zip/lib/libzip-1.10.0/build/CMakeFiles/CMakeTmp'
/usr/bin/gmake  -f CMakeFiles/cmTC_6013e.dir/build.make CMakeFiles/cmTC_6013e.dir/build
gmake[2]: Entering directory '/home/ubuntu/Desktop/Project/modman/submodule/zip/lib/libzip-1.10.0/build/CMakeFiles/CMakeTmp'
Building C object CMakeFiles/cmTC_6013e.dir/CheckFunctionExists.c.o
/usr/bin/cc -D__STDC_WANT_LIB_EXT1__=1  -DCHECK_FUNCTION_EXISTS=_strtoui64 -o CMakeFiles/cmTC_6013e.dir/CheckFunctionExists.c.o -c /usr/share/cmake-3.22/Modules/CheckFunctionExists.c
Linking C executable cmTC_6013e
/usr/bin/cmake -E cmake_link_script CMakeFiles/cmTC_6013e.dir/link.txt --verbose=1
/usr/bin/cc  -DCHECK_FUNCTION_EXISTS=_strtoui64 CMakeFiles/cmTC_6013e.dir/CheckFunctionExists.c.o -o cmTC_6013e 
/usr/bin/ld: CMakeFiles/cmTC_6013e.dir/CheckFunctionExists.c.o: in function `main':
CheckFunctionExists.c:(.text+0x14): undefined reference to `_strtoui64'
collect2: error: ld returned 1 exit status
gmake[2]: *** [CMakeFiles/cmTC_6013e.dir/build.make:99: cmTC_6013e] Error 1
gmake[2]: Leaving directory '/home/ubuntu/Desktop/Project/modman/submodule/zip/lib/libzip-1.10.0/build/CMakeFiles/CMakeTmp'
gmake[1]: *** [Makefile:127: cmTC_6013e/fast] Error 2
gmake[1]: Leaving directory '/home/ubuntu/Desktop/Project/modman/submodule/zip/lib/libzip-1.10.0/build/CMakeFiles/CMakeTmp'



Determining if the function _unlink exists failed with the following output:
Change Dir: /home/ubuntu/Desktop/Project/modman/submodule/zip/lib/libzip-1.10.0/build/CMakeFiles/CMakeTmp

Run Build Command(s):/usr/bin/gmake -f Makefile cmTC_0c6ec/fast && gmake[1]: Entering directory '/home/ubuntu/Desktop/Project/modman/submodule/zip/lib/libzip-1.10.0/build/CMakeFiles/CMakeTmp'
/usr/bin/gmake  -f CMakeFiles/cmTC_0c6ec.dir/build.make CMakeFiles/cmTC_0c6ec.dir/build
gmake[2]: Entering directory '/home/ubuntu/Desktop/Project/modman/submodule/zip/lib/libzip-1.10.0/build/CMakeFiles/CMakeTmp'
Building C object CMakeFiles/cmTC_0c6ec.dir/CheckFunctionExists.c.o
/usr/bin/cc -D__STDC_WANT_LIB_EXT1__=1  -DCHECK_FUNCTION_EXISTS=_unlink -o CMakeFiles/cmTC_0c6ec.dir/CheckFunctionExists.c.o -c /usr/share/cmake-3.22/Modules/CheckFunctionExists.c
Linking C executable cmTC_0c6ec
/usr/bin/cmake -E cmake_link_script CMakeFiles/cmTC_0c6ec.dir/link.txt --verbose=1
/usr/bin/cc  -DCHECK_FUNCTION_EXISTS=_unlink CMakeFiles/cmTC_0c6ec.dir/CheckFunctionExists.c.o -o cmTC_0c6ec 
/usr/bin/ld: CMakeFiles/cmTC_0c6ec.dir/CheckFunctionExists.c.o: in function `main':
CheckFunctionExists.c:(.text+0x14): undefined reference to `_unlink'
collect2: error: ld returned 1 exit status
gmake[2]: *** [CMakeFiles/cmTC_0c6ec.dir/build.make:99: cmTC_0c6ec] Error 1
gmake[2]: Leaving directory '/home/ubuntu/Desktop/Project/modman/submodule/zip/lib/libzip-1.10.0/build/CMakeFiles/CMakeTmp'
gmake[1]: *** [Makefile:127: cmTC_0c6ec/fast] Error 2
gmake[1]: Leaving directory '/home/ubuntu/Desktop/Project/modman/submodule/zip/lib/libzip-1.10.0/build/CMakeFiles/CMakeTmp'



Determining if the function arc4random exists failed with the following output:
Change Dir: /home/ubuntu/Desktop/Project/modman/submodule/zip/lib/libzip-1.10.0/build/CMakeFiles/CMakeTmp

Run Build Command(s):/usr/bin/gmake -f Makefile cmTC_96964/fast && gmake[1]: Entering directory '/home/ubuntu/Desktop/Project/modman/submodule/zip/lib/libzip-1.10.0/build/CMakeFiles/CMakeTmp'
/usr/bin/gmake  -f CMakeFiles/cmTC_96964.dir/build.make CMakeFiles/cmTC_96964.dir/build
gmake[2]: Entering directory '/home/ubuntu/Desktop/Project/modman/submodule/zip/lib/libzip-1.10.0/build/CMakeFiles/CMakeTmp'
Building C object CMakeFiles/cmTC_96964.dir/CheckFunctionExists.c.o
/usr/bin/cc -D__STDC_WANT_LIB_EXT1__=1  -DCHECK_FUNCTION_EXISTS=arc4random -o CMakeFiles/cmTC_96964.dir/CheckFunctionExists.c.o -c /usr/share/cmake-3.22/Modules/CheckFunctionExists.c
Linking C executable cmTC_96964
/usr/bin/cmake -E cmake_link_script CMakeFiles/cmTC_96964.dir/link.txt --verbose=1
/usr/bin/cc  -DCHECK_FUNCTION_EXISTS=arc4random CMakeFiles/cmTC_96964.dir/CheckFunctionExists.c.o -o cmTC_96964 
/usr/bin/ld: CMakeFiles/cmTC_96964.dir/CheckFunctionExists.c.o: in function `main':
CheckFunctionExists.c:(.text+0x14): undefined reference to `arc4random'
collect2: error: ld returned 1 exit status
gmake[2]: *** [CMakeFiles/cmTC_96964.dir/build.make:99: cmTC_96964] Error 1
gmake[2]: Leaving directory '/home/ubuntu/Desktop/Project/modman/submodule/zip/lib/libzip-1.10.0/build/CMakeFiles/CMakeTmp'
gmake[1]: *** [Makefile:127: cmTC_96964/fast] Error 2
gmake[1]: Leaving directory '/home/ubuntu/Desktop/Project/modman/submodule/zip/lib/libzip-1.10.0/build/CMakeFiles/CMakeTmp'



Determining if the function clonefile exists failed with the following output:
Change Dir: /home/ubuntu/Desktop/Project/modman/submodule/zip/lib/libzip-1.10.0/build/CMakeFiles/CMakeTmp

Run Build Command(s):/usr/bin/gmake -f Makefile cmTC_1e6a1/fast && gmake[1]: Entering directory '/home/ubuntu/Desktop/Project/modman/submodule/zip/lib/libzip-1.10.0/build/CMakeFiles/CMakeTmp'
/usr/bin/gmake  -f CMakeFiles/cmTC_1e6a1.dir/build.make CMakeFiles/cmTC_1e6a1.dir/build
gmake[2]: Entering directory '/home/ubuntu/Desktop/Project/modman/submodule/zip/lib/libzip-1.10.0/build/CMakeFiles/CMakeTmp'
Building C object CMakeFiles/cmTC_1e6a1.dir/CheckFunctionExists.c.o
/usr/bin/cc -D__STDC_WANT_LIB_EXT1__=1  -DCHECK_FUNCTION_EXISTS=clonefile -o CMakeFiles/cmTC_1e6a1.dir/CheckFunctionExists.c.o -c /usr/share/cmake-3.22/Modules/CheckFunctionExists.c
Linking C executable cmTC_1e6a1
/usr/bin/cmake -E cmake_link_script CMakeFiles/cmTC_1e6a1.dir/link.txt --verbose=1
/usr/bin/cc  -DCHECK_FUNCTION_EXISTS=clonefile CMakeFiles/cmTC_1e6a1.dir/CheckFunctionExists.c.o -o cmTC_1e6a1 
/usr/bin/ld: CMakeFiles/cmTC_1e6a1.dir/CheckFunctionExists.c.o: in function `main':
CheckFunctionExists.c:(.text+0x14): undefined reference to `clonefile'
collect2: error: ld returned 1 exit status
gmake[2]: *** [CMakeFiles/cmTC_1e6a1.dir/build.make:99: cmTC_1e6a1] Error 1
gmake[2]: Leaving directory '/home/ubuntu/Desktop/Project/modman/submodule/zip/lib/libzip-1.10.0/build/CMakeFiles/CMakeTmp'
gmake[1]: *** [Makefile:127: cmTC_1e6a1/fast] Error 2
gmake[1]: Leaving directory '/home/ubuntu/Desktop/Project/modman/submodule/zip/lib/libzip-1.10.0/build/CMakeFiles/CMakeTmp'



Determining if the function explicit_memset exists failed with the following output:
Change Dir: /home/ubuntu/Desktop/Project/modman/submodule/zip/lib/libzip-1.10.0/build/CMakeFiles/CMakeTmp

Run Build Command(s):/usr/bin/gmake -f Makefile cmTC_011c6/fast && gmake[1]: Entering directory '/home/ubuntu/Desktop/Project/modman/submodule/zip/lib/libzip-1.10.0/build/CMakeFiles/CMakeTmp'
/usr/bin/gmake  -f CMakeFiles/cmTC_011c6.dir/build.make CMakeFiles/cmTC_011c6.dir/build
gmake[2]: Entering directory '/home/ubuntu/Desktop/Project/modman/submodule/zip/lib/libzip-1.10.0/build/CMakeFiles/CMakeTmp'
Building C object CMakeFiles/cmTC_011c6.dir/CheckFunctionExists.c.o
/usr/bin/cc -D__STDC_WANT_LIB_EXT1__=1  -DCHECK_FUNCTION_EXISTS=explicit_memset -o CMakeFiles/cmTC_011c6.dir/CheckFunctionExists.c.o -c /usr/share/cmake-3.22/Modules/CheckFunctionExists.c
Linking C executable cmTC_011c6
/usr/bin/cmake -E cmake_link_script CMakeFiles/cmTC_011c6.dir/link.txt --verbose=1
/usr/bin/cc  -DCHECK_FUNCTION_EXISTS=explicit_memset CMakeFiles/cmTC_011c6.dir/CheckFunctionExists.c.o -o cmTC_011c6 
/usr/bin/ld: CMakeFiles/cmTC_011c6.dir/CheckFunctionExists.c.o: in function `main':
CheckFunctionExists.c:(.text+0x14): undefined reference to `explicit_memset'
collect2: error: ld returned 1 exit status
gmake[2]: *** [CMakeFiles/cmTC_011c6.dir/build.make:99: cmTC_011c6] Error 1
gmake[2]: Leaving directory '/home/ubuntu/Desktop/Project/modman/submodule/zip/lib/libzip-1.10.0/build/CMakeFiles/CMakeTmp'
gmake[1]: *** [Makefile:127: cmTC_011c6/fast] Error 2
gmake[1]: Leaving directory '/home/ubuntu/Desktop/Project/modman/submodule/zip/lib/libzip-1.10.0/build/CMakeFiles/CMakeTmp'



Determining if the function getprogname exists failed with the following output:
Change Dir: /home/ubuntu/Desktop/Project/modman/submodule/zip/lib/libzip-1.10.0/build/CMakeFiles/CMakeTmp

Run Build Command(s):/usr/bin/gmake -f Makefile cmTC_19acd/fast && gmake[1]: Entering directory '/home/ubuntu/Desktop/Project/modman/submodule/zip/lib/libzip-1.10.0/build/CMakeFiles/CMakeTmp'
/usr/bin/gmake  -f CMakeFiles/cmTC_19acd.dir/build.make CMakeFiles/cmTC_19acd.dir/build
gmake[2]: Entering directory '/home/ubuntu/Desktop/Project/modman/submodule/zip/lib/libzip-1.10.0/build/CMakeFiles/CMakeTmp'
Building C object CMakeFiles/cmTC_19acd.dir/CheckFunctionExists.c.o
/usr/bin/cc -D__STDC_WANT_LIB_EXT1__=1  -DCHECK_FUNCTION_EXISTS=getprogname -o CMakeFiles/cmTC_19acd.dir/CheckFunctionExists.c.o -c /usr/share/cmake-3.22/Modules/CheckFunctionExists.c
Linking C executable cmTC_19acd
/usr/bin/cmake -E cmake_link_script CMakeFiles/cmTC_19acd.dir/link.txt --verbose=1
/usr/bin/cc  -DCHECK_FUNCTION_EXISTS=getprogname CMakeFiles/cmTC_19acd.dir/CheckFunctionExists.c.o -o cmTC_19acd 
/usr/bin/ld: CMakeFiles/cmTC_19acd.dir/CheckFunctionExists.c.o: in function `main':
CheckFunctionExists.c:(.text+0x14): undefined reference to `getprogname'
collect2: error: ld returned 1 exit status
gmake[2]: *** [CMakeFiles/cmTC_19acd.dir/build.make:99: cmTC_19acd] Error 1
gmake[2]: Leaving directory '/home/ubuntu/Desktop/Project/modman/submodule/zip/lib/libzip-1.10.0/build/CMakeFiles/CMakeTmp'
gmake[1]: *** [Makefile:127: cmTC_19acd/fast] Error 2
gmake[1]: Leaving directory '/home/ubuntu/Desktop/Project/modman/submodule/zip/lib/libzip-1.10.0/build/CMakeFiles/CMakeTmp'



Determining if the localtime_s exist failed with the following output:
Change Dir: /home/ubuntu/Desktop/Project/modman/submodule/zip/lib/libzip-1.10.0/build/CMakeFiles/CMakeTmp

Run Build Command(s):/usr/bin/gmake -f Makefile cmTC_05c1f/fast && gmake[1]: Entering directory '/home/ubuntu/Desktop/Project/modman/submodule/zip/lib/libzip-1.10.0/build/CMakeFiles/CMakeTmp'
/usr/bin/gmake  -f CMakeFiles/cmTC_05c1f.dir/build.make CMakeFiles/cmTC_05c1f.dir/build
gmake[2]: Entering directory '/home/ubuntu/Desktop/Project/modman/submodule/zip/lib/libzip-1.10.0/build/CMakeFiles/CMakeTmp'
Building C object CMakeFiles/cmTC_05c1f.dir/CheckSymbolExists.c.o
/usr/bin/cc -D__STDC_WANT_LIB_EXT1__=1   -o CMakeFiles/cmTC_05c1f.dir/CheckSymbolExists.c.o -c /home/ubuntu/Desktop/Project/modman/submodule/zip/lib/libzip-1.10.0/build/CMakeFiles/CMakeTmp/CheckSymbolExists.c
/home/ubuntu/Desktop/Project/modman/submodule/zip/lib/libzip-1.10.0/build/CMakeFiles/CMakeTmp/CheckSymbolExists.c: In function ‘main’:
/home/ubuntu/Desktop/Project/modman/submodule/zip/lib/libzip-1.10.0/build/CMakeFiles/CMakeTmp/CheckSymbolExists.c:8:19: error: ‘localtime_s’ undeclared (first use in this function); did you mean ‘localtime_r’?
    8 |   return ((int*)(&localtime_s))[argc];
      |                   ^~~~~~~~~~~
      |                   localtime_r
/home/ubuntu/Desktop/Project/modman/submodule/zip/lib/libzip-1.10.0/build/CMakeFiles/CMakeTmp/CheckSymbolExists.c:8:19: note: each undeclared identifier is reported only once for each function it appears in
gmake[2]: *** [CMakeFiles/cmTC_05c1f.dir/build.make:78: CMakeFiles/cmTC_05c1f.dir/CheckSymbolExists.c.o] Error 1
gmake[2]: Leaving directory '/home/ubuntu/Desktop/Project/modman/submodule/zip/lib/libzip-1.10.0/build/CMakeFiles/CMakeTmp'
gmake[1]: *** [Makefile:127: cmTC_05c1f/fast] Error 2
gmake[1]: Leaving directory '/home/ubuntu/Desktop/Project/modman/submodule/zip/lib/libzip-1.10.0/build/CMakeFiles/CMakeTmp'


File /home/ubuntu/Desktop/Project/modman/submodule/zip/lib/libzip-1.10.0/build/CMakeFiles/CMakeTmp/CheckSymbolExists.c:
/* */
#include <time.h>

int main(int argc, char** argv)
{
  (void)argv;
#ifndef localtime_s
  return ((int*)(&localtime_s))[argc];
#else
  (void)argc;
  return 0;
#endif
}
Determining if the function memcpy_s exists failed with the following output:
Change Dir: /home/ubuntu/Desktop/Project/modman/submodule/zip/lib/libzip-1.10.0/build/CMakeFiles/CMakeTmp

Run Build Command(s):/usr/bin/gmake -f Makefile cmTC_d1965/fast && gmake[1]: Entering directory '/home/ubuntu/Desktop/Project/modman/submodule/zip/lib/libzip-1.10.0/build/CMakeFiles/CMakeTmp'
/usr/bin/gmake  -f CMakeFiles/cmTC_d1965.dir/build.make CMakeFiles/cmTC_d1965.dir/build
gmake[2]: Entering directory '/home/ubuntu/Desktop/Project/modman/submodule/zip/lib/libzip-1.10.0/build/CMakeFiles/CMakeTmp'
Building C object CMakeFiles/cmTC_d1965.dir/CheckFunctionExists.c.o
/usr/bin/cc -D__STDC_WANT_LIB_EXT1__=1  -DCHECK_FUNCTION_EXISTS=memcpy_s -o CMakeFiles/cmTC_d1965.dir/CheckFunctionExists.c.o -c /usr/share/cmake-3.22/Modules/CheckFunctionExists.c
Linking C executable cmTC_d1965
/usr/bin/cmake -E cmake_link_script CMakeFiles/cmTC_d1965.dir/link.txt --verbose=1
/usr/bin/cc  -DCHECK_FUNCTION_EXISTS=memcpy_s CMakeFiles/cmTC_d1965.dir/CheckFunctionExists.c.o -o cmTC_d1965 
/usr/bin/ld: CMakeFiles/cmTC_d1965.dir/CheckFunctionExists.c.o: in function `main':
CheckFunctionExists.c:(.text+0x14): undefined reference to `memcpy_s'
collect2: error: ld returned 1 exit status
gmake[2]: *** [CMakeFiles/cmTC_d1965.dir/build.make:99: cmTC_d1965] Error 1
gmake[2]: Leaving directory '/home/ubuntu/Desktop/Project/modman/submodule/zip/lib/libzip-1.10.0/build/CMakeFiles/CMakeTmp'
gmake[1]: *** [Makefile:127: cmTC_d1965/fast] Error 2
gmake[1]: Leaving directory '/home/ubuntu/Desktop/Project/modman/submodule/zip/lib/libzip-1.10.0/build/CMakeFiles/CMakeTmp'



Determining if the function setmode exists failed with the following output:
Change Dir: /home/ubuntu/Desktop/Project/modman/submodule/zip/lib/libzip-1.10.0/build/CMakeFiles/CMakeTmp

Run Build Command(s):/usr/bin/gmake -f Makefile cmTC_f626f/fast && gmake[1]: Entering directory '/home/ubuntu/Desktop/Project/modman/submodule/zip/lib/libzip-1.10.0/build/CMakeFiles/CMakeTmp'
/usr/bin/gmake  -f CMakeFiles/cmTC_f626f.dir/build.make CMakeFiles/cmTC_f626f.dir/build
gmake[2]: Entering directory '/home/ubuntu/Desktop/Project/modman/submodule/zip/lib/libzip-1.10.0/build/CMakeFiles/CMakeTmp'
Building C object CMakeFiles/cmTC_f626f.dir/CheckFunctionExists.c.o
/usr/bin/cc -D__STDC_WANT_LIB_EXT1__=1  -DCHECK_FUNCTION_EXISTS=setmode -o CMakeFiles/cmTC_f626f.dir/CheckFunctionExists.c.o -c /usr/share/cmake-3.22/Modules/CheckFunctionExists.c
Linking C executable cmTC_f626f
/usr/bin/cmake -E cmake_link_script CMakeFiles/cmTC_f626f.dir/link.txt --verbose=1
/usr/bin/cc  -DCHECK_FUNCTION_EXISTS=setmode CMakeFiles/cmTC_f626f.dir/CheckFunctionExists.c.o -o cmTC_f626f 
/usr/bin/ld: CMakeFiles/cmTC_f626f.dir/CheckFunctionExists.c.o: in function `main':
CheckFunctionExists.c:(.text+0x14): undefined reference to `setmode'
collect2: error: ld returned 1 exit status
gmake[2]: *** [CMakeFiles/cmTC_f626f.dir/build.make:99: cmTC_f626f] Error 1
gmake[2]: Leaving directory '/home/ubuntu/Desktop/Project/modman/submodule/zip/lib/libzip-1.10.0/build/CMakeFiles/CMakeTmp'
gmake[1]: *** [Makefile:127: cmTC_f626f/fast] Error 2
gmake[1]: Leaving directory '/home/ubuntu/Desktop/Project/modman/submodule/zip/lib/libzip-1.10.0/build/CMakeFiles/CMakeTmp'



Determining if the snprintf_s exist failed with the following output:
Change Dir: /home/ubuntu/Desktop/Project/modman/submodule/zip/lib/libzip-1.10.0/build/CMakeFiles/CMakeTmp

Run Build Command(s):/usr/bin/gmake -f Makefile cmTC_4e519/fast && gmake[1]: Entering directory '/home/ubuntu/Desktop/Project/modman/submodule/zip/lib/libzip-1.10.0/build/CMakeFiles/CMakeTmp'
/usr/bin/gmake  -f CMakeFiles/cmTC_4e519.dir/build.make CMakeFiles/cmTC_4e519.dir/build
gmake[2]: Entering directory '/home/ubuntu/Desktop/Project/modman/submodule/zip/lib/libzip-1.10.0/build/CMakeFiles/CMakeTmp'
Building C object CMakeFiles/cmTC_4e519.dir/CheckSymbolExists.c.o
/usr/bin/cc -D__STDC_WANT_LIB_EXT1__=1   -o CMakeFiles/cmTC_4e519.dir/CheckSymbolExists.c.o -c /home/ubuntu/Desktop/Project/modman/submodule/zip/lib/libzip-1.10.0/build/CMakeFiles/CMakeTmp/CheckSymbolExists.c
/home/ubuntu/Desktop/Project/modman/submodule/zip/lib/libzip-1.10.0/build/CMakeFiles/CMakeTmp/CheckSymbolExists.c: In function ‘main’:
/home/ubuntu/Desktop/Project/modman/submodule/zip/lib/libzip-1.10.0/build/CMakeFiles/CMakeTmp/CheckSymbolExists.c:8:19: error: ‘snprintf_s’ undeclared (first use in this function); did you mean ‘snprintf’?
    8 |   return ((int*)(&snprintf_s))[argc];
      |                   ^~~~~~~~~~
      |                   snprintf
/home/ubuntu/Desktop/Project/modman/submodule/zip/lib/libzip-1.10.0/build/CMakeFiles/CMakeTmp/CheckSymbolExists.c:8:19: note: each undeclared identifier is reported only once for each function it appears in
gmake[2]: *** [CMakeFiles/cmTC_4e519.dir/build.make:78: CMakeFiles/cmTC_4e519.dir/CheckSymbolExists.c.o] Error 1
gmake[2]: Leaving directory '/home/ubuntu/Desktop/Project/modman/submodule/zip/lib/libzip-1.10.0/build/CMakeFiles/CMakeTmp'
gmake[1]: *** [Makefile:127: cmTC_4e519/fast] Error 2
gmake[1]: Leaving directory '/home/ubuntu/Desktop/Project/modman/submodule/zip/lib/libzip-1.10.0/build/CMakeFiles/CMakeTmp'


File /home/ubuntu/Desktop/Project/modman/submodule/zip/lib/libzip-1.10.0/build/CMakeFiles/CMakeTmp/CheckSymbolExists.c:
/* */
#include <stdio.h>

int main(int argc, char** argv)
{
  (void)argv;
#ifndef snprintf_s
  return ((int*)(&snprintf_s))[argc];
#else
  (void)argc;
  return 0;
#endif
}
Determining if the function strerror_s exists failed with the following output:
Change Dir: /home/ubuntu/Desktop/Project/modman/submodule/zip/lib/libzip-1.10.0/build/CMakeFiles/CMakeTmp

Run Build Command(s):/usr/bin/gmake -f Makefile cmTC_5bf7d/fast && gmake[1]: Entering directory '/home/ubuntu/Desktop/Project/modman/submodule/zip/lib/libzip-1.10.0/build/CMakeFiles/CMakeTmp'
/usr/bin/gmake  -f CMakeFiles/cmTC_5bf7d.dir/build.make CMakeFiles/cmTC_5bf7d.dir/build
gmake[2]: Entering directory '/home/ubuntu/Desktop/Project/modman/submodule/zip/lib/libzip-1.10.0/build/CMakeFiles/CMakeTmp'
Building C object CMakeFiles/cmTC_5bf7d.dir/CheckFunctionExists.c.o
/usr/bin/cc -D__STDC_WANT_LIB_EXT1__=1  -DCHECK_FUNCTION_EXISTS=strerror_s -o CMakeFiles/cmTC_5bf7d.dir/CheckFunctionExists.c.o -c /usr/share/cmake-3.22/Modules/CheckFunctionExists.c
Linking C executable cmTC_5bf7d
/usr/bin/cmake -E cmake_link_script CMakeFiles/cmTC_5bf7d.dir/link.txt --verbose=1
/usr/bin/cc  -DCHECK_FUNCTION_EXISTS=strerror_s CMakeFiles/cmTC_5bf7d.dir/CheckFunctionExists.c.o -o cmTC_5bf7d 
/usr/bin/ld: CMakeFiles/cmTC_5bf7d.dir/CheckFunctionExists.c.o: in function `main':
CheckFunctionExists.c:(.text+0x14): undefined reference to `strerror_s'
collect2: error: ld returned 1 exit status
gmake[2]: *** [CMakeFiles/cmTC_5bf7d.dir/build.make:99: cmTC_5bf7d] Error 1
gmake[2]: Leaving directory '/home/ubuntu/Desktop/Project/modman/submodule/zip/lib/libzip-1.10.0/build/CMakeFiles/CMakeTmp'
gmake[1]: *** [Makefile:127: cmTC_5bf7d/fast] Error 2
gmake[1]: Leaving directory '/home/ubuntu/Desktop/Project/modman/submodule/zip/lib/libzip-1.10.0/build/CMakeFiles/CMakeTmp'



Determining if the function strerrorlen_s exists failed with the following output:
Change Dir: /home/ubuntu/Desktop/Project/modman/submodule/zip/lib/libzip-1.10.0/build/CMakeFiles/CMakeTmp

Run Build Command(s):/usr/bin/gmake -f Makefile cmTC_93f86/fast && gmake[1]: Entering directory '/home/ubuntu/Desktop/Project/modman/submodule/zip/lib/libzip-1.10.0/build/CMakeFiles/CMakeTmp'
/usr/bin/gmake  -f CMakeFiles/cmTC_93f86.dir/build.make CMakeFiles/cmTC_93f86.dir/build
gmake[2]: Entering directory '/home/ubuntu/Desktop/Project/modman/submodule/zip/lib/libzip-1.10.0/build/CMakeFiles/CMakeTmp'
Building C object CMakeFiles/cmTC_93f86.dir/CheckFunctionExists.c.o
/usr/bin/cc -D__STDC_WANT_LIB_EXT1__=1  -DCHECK_FUNCTION_EXISTS=strerrorlen_s -o CMakeFiles/cmTC_93f86.dir/CheckFunctionExists.c.o -c /usr/share/cmake-3.22/Modules/CheckFunctionExists.c
Linking C executable cmTC_93f86
/usr/bin/cmake -E cmake_link_script CMakeFiles/cmTC_93f86.dir/link.txt --verbose=1
/usr/bin/cc  -DCHECK_FUNCTION_EXISTS=strerrorlen_s CMakeFiles/cmTC_93f86.dir/CheckFunctionExists.c.o -o cmTC_93f86 
/usr/bin/ld: CMakeFiles/cmTC_93f86.dir/CheckFunctionExists.c.o: in function `main':
CheckFunctionExists.c:(.text+0x14): undefined reference to `strerrorlen_s'
collect2: error: ld returned 1 exit status
gmake[2]: *** [CMakeFiles/cmTC_93f86.dir/build.make:99: cmTC_93f86] Error 1
gmake[2]: Leaving directory '/home/ubuntu/Desktop/Project/modman/submodule/zip/lib/libzip-1.10.0/build/CMakeFiles/CMakeTmp'
gmake[1]: *** [Makefile:127: cmTC_93f86/fast] Error 2
gmake[1]: Leaving directory '/home/ubuntu/Desktop/Project/modman/submodule/zip/lib/libzip-1.10.0/build/CMakeFiles/CMakeTmp'



Determining if the function stricmp exists failed with the following output:
Change Dir: /home/ubuntu/Desktop/Project/modman/submodule/zip/lib/libzip-1.10.0/build/CMakeFiles/CMakeTmp

Run Build Command(s):/usr/bin/gmake -f Makefile cmTC_71c36/fast && gmake[1]: Entering directory '/home/ubuntu/Desktop/Project/modman/submodule/zip/lib/libzip-1.10.0/build/CMakeFiles/CMakeTmp'
/usr/bin/gmake  -f CMakeFiles/cmTC_71c36.dir/build.make CMakeFiles/cmTC_71c36.dir/build
gmake[2]: Entering directory '/home/ubuntu/Desktop/Project/modman/submodule/zip/lib/libzip-1.10.0/build/CMakeFiles/CMakeTmp'
Building C object CMakeFiles/cmTC_71c36.dir/CheckFunctionExists.c.o
/usr/bin/cc -D__STDC_WANT_LIB_EXT1__=1  -DCHECK_FUNCTION_EXISTS=stricmp -o CMakeFiles/cmTC_71c36.dir/CheckFunctionExists.c.o -c /usr/share/cmake-3.22/Modules/CheckFunctionExists.c
Linking C executable cmTC_71c36
/usr/bin/cmake -E cmake_link_script CMakeFiles/cmTC_71c36.dir/link.txt --verbose=1
/usr/bin/cc  -DCHECK_FUNCTION_EXISTS=stricmp CMakeFiles/cmTC_71c36.dir/CheckFunctionExists.c.o -o cmTC_71c36 
/usr/bin/ld: CMakeFiles/cmTC_71c36.dir/CheckFunctionExists.c.o: in function `main':
CheckFunctionExists.c:(.text+0x14): undefined reference to `stricmp'
collect2: error: ld returned 1 exit status
gmake[2]: *** [CMakeFiles/cmTC_71c36.dir/build.make:99: cmTC_71c36] Error 1
gmake[2]: Leaving directory '/home/ubuntu/Desktop/Project/modman/submodule/zip/lib/libzip-1.10.0/build/CMakeFiles/CMakeTmp'
gmake[1]: *** [Makefile:127: cmTC_71c36/fast] Error 2
gmake[1]: Leaving directory '/home/ubuntu/Desktop/Project/modman/submodule/zip/lib/libzip-1.10.0/build/CMakeFiles/CMakeTmp'



Determining if the function strncpy_s exists failed with the following output:
Change Dir: /home/ubuntu/Desktop/Project/modman/submodule/zip/lib/libzip-1.10.0/build/CMakeFiles/CMakeTmp

Run Build Command(s):/usr/bin/gmake -f Makefile cmTC_7e146/fast && gmake[1]: Entering directory '/home/ubuntu/Desktop/Project/modman/submodule/zip/lib/libzip-1.10.0/build/CMakeFiles/CMakeTmp'
/usr/bin/gmake  -f CMakeFiles/cmTC_7e146.dir/build.make CMakeFiles/cmTC_7e146.dir/build
gmake[2]: Entering directory '/home/ubuntu/Desktop/Project/modman/submodule/zip/lib/libzip-1.10.0/build/CMakeFiles/CMakeTmp'
Building C object CMakeFiles/cmTC_7e146.dir/CheckFunctionExists.c.o
/usr/bin/cc -D__STDC_WANT_LIB_EXT1__=1  -DCHECK_FUNCTION_EXISTS=strncpy_s -o CMakeFiles/cmTC_7e146.dir/CheckFunctionExists.c.o -c /usr/share/cmake-3.22/Modules/CheckFunctionExists.c
Linking C executable cmTC_7e146
/usr/bin/cmake -E cmake_link_script CMakeFiles/cmTC_7e146.dir/link.txt --verbose=1
/usr/bin/cc  -DCHECK_FUNCTION_EXISTS=strncpy_s CMakeFiles/cmTC_7e146.dir/CheckFunctionExists.c.o -o cmTC_7e146 
/usr/bin/ld: CMakeFiles/cmTC_7e146.dir/CheckFunctionExists.c.o: in function `main':
CheckFunctionExists.c:(.text+0x14): undefined reference to `strncpy_s'
collect2: error: ld returned 1 exit status
gmake[2]: *** [CMakeFiles/cmTC_7e146.dir/build.make:99: cmTC_7e146] Error 1
gmake[2]: Leaving directory '/home/ubuntu/Desktop/Project/modman/submodule/zip/lib/libzip-1.10.0/build/CMakeFiles/CMakeTmp'
gmake[1]: *** [Makefile:127: cmTC_7e146/fast] Error 2
gmake[1]: Leaving directory '/home/ubuntu/Desktop/Project/modman/submodule/zip/lib/libzip-1.10.0/build/CMakeFiles/CMakeTmp'



Determining size of __int8 failed with the following output:
Change Dir: /home/ubuntu/Desktop/Project/modman/submodule/zip/lib/libzip-1.10.0/build/CMakeFiles/CMakeTmp

Run Build Command(s):/usr/bin/gmake -f Makefile cmTC_5888a/fast && gmake[1]: Entering directory '/home/ubuntu/Desktop/Project/modman/submodule/zip/lib/libzip-1.10.0/build/CMakeFiles/CMakeTmp'
/usr/bin/gmake  -f CMakeFiles/cmTC_5888a.dir/build.make CMakeFiles/cmTC_5888a.dir/build
gmake[2]: Entering directory '/home/ubuntu/Desktop/Project/modman/submodule/zip/lib/libzip-1.10.0/build/CMakeFiles/CMakeTmp'
Building C object CMakeFiles/cmTC_5888a.dir/__INT8_LIBZIP.c.o
/usr/bin/cc -D__STDC_WANT_LIB_EXT1__=1   -o CMakeFiles/cmTC_5888a.dir/__INT8_LIBZIP.c.o -c /home/ubuntu/Desktop/Project/modman/submodule/zip/lib/libzip-1.10.0/build/CMakeFiles/CheckTypeSize/__INT8_LIBZIP.c
/home/ubuntu/Desktop/Project/modman/submodule/zip/lib/libzip-1.10.0/build/CMakeFiles/CheckTypeSize/__INT8_LIBZIP.c:27:22: error: ‘__int8’ undeclared here (not in a function); did you mean ‘u_int’?
   27 | #define SIZE (sizeof(__int8))
      |                      ^~~~~~
/home/ubuntu/Desktop/Project/modman/submodule/zip/lib/libzip-1.10.0/build/CMakeFiles/CheckTypeSize/__INT8_LIBZIP.c:29:12: note: in expansion of macro ‘SIZE’
   29 |   ('0' + ((SIZE / 10000)%10)),
      |            ^~~~
gmake[2]: *** [CMakeFiles/cmTC_5888a.dir/build.make:78: CMakeFiles/cmTC_5888a.dir/__INT8_LIBZIP.c.o] Error 1
gmake[2]: Leaving directory '/home/ubuntu/Desktop/Project/modman/submodule/zip/lib/libzip-1.10.0/build/CMakeFiles/CMakeTmp'
gmake[1]: *** [Makefile:127: cmTC_5888a/fast] Error 2
gmake[1]: Leaving directory '/home/ubuntu/Desktop/Project/modman/submodule/zip/lib/libzip-1.10.0/build/CMakeFiles/CMakeTmp'


/home/ubuntu/Desktop/Project/modman/submodule/zip/lib/libzip-1.10.0/build/CMakeFiles/CheckTypeSize/__INT8_LIBZIP.c:
#include <sys/types.h>
#include <stdint.h>
#include <stddef.h>


#undef KEY
#if defined(__i386)
# define KEY '_','_','i','3','8','6'
#elif defined(__x86_64)
# define KEY '_','_','x','8','6','_','6','4'
#elif defined(__PPC64__)
# define KEY '_','_','P','P','C','6','4','_','_'
#elif defined(__ppc64__)
# define KEY '_','_','p','p','c','6','4','_','_'
#elif defined(__PPC__)
# define KEY '_','_','P','P','C','_','_'
#elif defined(__ppc__)
# define KEY '_','_','p','p','c','_','_'
#elif defined(__aarch64__)
# define KEY '_','_','a','a','r','c','h','6','4','_','_'
#elif defined(__ARM_ARCH_7A__)
# define KEY '_','_','A','R','M','_','A','R','C','H','_','7','A','_','_'
#elif defined(__ARM_ARCH_7S__)
# define KEY '_','_','A','R','M','_','A','R','C','H','_','7','S','_','_'
#endif

#define SIZE (sizeof(__int8))
static char info_size[] =  {'I', 'N', 'F', 'O', ':', 's','i','z','e','[',
  ('0' + ((SIZE / 10000)%10)),
  ('0' + ((SIZE / 1000)%10)),
  ('0' + ((SIZE / 100)%10)),
  ('0' + ((SIZE / 10)%10)),
  ('0' +  (SIZE    % 10)),
  ']',
#ifdef KEY
  ' ','k','e','y','[', KEY, ']',
#endif
  '\0'};

#ifdef __CLASSIC_C__
int main(argc, argv) int argc; char *argv[];
#else
int main(int argc, char *argv[])
#endif
{
  int require = 0;
  require += info_size[argc];
  (void)argv;
  return require;
}


Determining size of __int16 failed with the following output:
Change Dir: /home/ubuntu/Desktop/Project/modman/submodule/zip/lib/libzip-1.10.0/build/CMakeFiles/CMakeTmp

Run Build Command(s):/usr/bin/gmake -f Makefile cmTC_1f694/fast && gmake[1]: Entering directory '/home/ubuntu/Desktop/Project/modman/submodule/zip/lib/libzip-1.10.0/build/CMakeFiles/CMakeTmp'
/usr/bin/gmake  -f CMakeFiles/cmTC_1f694.dir/build.make CMakeFiles/cmTC_1f694.dir/build
gmake[2]: Entering directory '/home/ubuntu/Desktop/Project/modman/submodule/zip/lib/libzip-1.10.0/build/CMakeFiles/CMakeTmp'
Building C object CMakeFiles/cmTC_1f694.dir/__INT16_LIBZIP.c.o
/usr/bin/cc -D__STDC_WANT_LIB_EXT1__=1   -o CMakeFiles/cmTC_1f694.dir/__INT16_LIBZIP.c.o -c /home/ubuntu/Desktop/Project/modman/submodule/zip/lib/libzip-1.10.0/build/CMakeFiles/CheckTypeSize/__INT16_LIBZIP.c
/home/ubuntu/Desktop/Project/modman/submodule/zip/lib/libzip-1.10.0/build/CMakeFiles/CheckTypeSize/__INT16_LIBZIP.c:27:22: error: ‘__int16’ undeclared here (not in a function); did you mean ‘__int16_t’?
   27 | #define SIZE (sizeof(__int16))
      |                      ^~~~~~~
/home/ubuntu/Desktop/Project/modman/submodule/zip/lib/libzip-1.10.0/build/CMakeFiles/CheckTypeSize/__INT16_LIBZIP.c:29:12: note: in expansion of macro ‘SIZE’
   29 |   ('0' + ((SIZE / 10000)%10)),
      |            ^~~~
gmake[2]: *** [CMakeFiles/cmTC_1f694.dir/build.make:78: CMakeFiles/cmTC_1f694.dir/__INT16_LIBZIP.c.o] Error 1
gmake[2]: Leaving directory '/home/ubuntu/Desktop/Project/modman/submodule/zip/lib/libzip-1.10.0/build/CMakeFiles/CMakeTmp'
gmake[1]: *** [Makefile:127: cmTC_1f694/fast] Error 2
gmake[1]: Leaving directory '/home/ubuntu/Desktop/Project/modman/submodule/zip/lib/libzip-1.10.0/build/CMakeFiles/CMakeTmp'


/home/ubuntu/Desktop/Project/modman/submodule/zip/lib/libzip-1.10.0/build/CMakeFiles/CheckTypeSize/__INT16_LIBZIP.c:
#include <sys/types.h>
#include <stdint.h>
#include <stddef.h>


#undef KEY
#if defined(__i386)
# define KEY '_','_','i','3','8','6'
#elif defined(__x86_64)
# define KEY '_','_','x','8','6','_','6','4'
#elif defined(__PPC64__)
# define KEY '_','_','P','P','C','6','4','_','_'
#elif defined(__ppc64__)
# define KEY '_','_','p','p','c','6','4','_','_'
#elif defined(__PPC__)
# define KEY '_','_','P','P','C','_','_'
#elif defined(__ppc__)
# define KEY '_','_','p','p','c','_','_'
#elif defined(__aarch64__)
# define KEY '_','_','a','a','r','c','h','6','4','_','_'
#elif defined(__ARM_ARCH_7A__)
# define KEY '_','_','A','R','M','_','A','R','C','H','_','7','A','_','_'
#elif defined(__ARM_ARCH_7S__)
# define KEY '_','_','A','R','M','_','A','R','C','H','_','7','S','_','_'
#endif

#define SIZE (sizeof(__int16))
static char info_size[] =  {'I', 'N', 'F', 'O', ':', 's','i','z','e','[',
  ('0' + ((SIZE / 10000)%10)),
  ('0' + ((SIZE / 1000)%10)),
  ('0' + ((SIZE / 100)%10)),
  ('0' + ((SIZE / 10)%10)),
  ('0' +  (SIZE    % 10)),
  ']',
#ifdef KEY
  ' ','k','e','y','[', KEY, ']',
#endif
  '\0'};

#ifdef __CLASSIC_C__
int main(argc, argv) int argc; char *argv[];
#else
int main(int argc, char *argv[])
#endif
{
  int require = 0;
  require += info_size[argc];
  (void)argv;
  return require;
}


Determining size of __int32 failed with the following output:
Change Dir: /home/ubuntu/Desktop/Project/modman/submodule/zip/lib/libzip-1.10.0/build/CMakeFiles/CMakeTmp

Run Build Command(s):/usr/bin/gmake -f Makefile cmTC_cfd6a/fast && gmake[1]: Entering directory '/home/ubuntu/Desktop/Project/modman/submodule/zip/lib/libzip-1.10.0/build/CMakeFiles/CMakeTmp'
/usr/bin/gmake  -f CMakeFiles/cmTC_cfd6a.dir/build.make CMakeFiles/cmTC_cfd6a.dir/build
gmake[2]: Entering directory '/home/ubuntu/Desktop/Project/modman/submodule/zip/lib/libzip-1.10.0/build/CMakeFiles/CMakeTmp'
Building C object CMakeFiles/cmTC_cfd6a.dir/__INT32_LIBZIP.c.o
/usr/bin/cc -D__STDC_WANT_LIB_EXT1__=1   -o CMakeFiles/cmTC_cfd6a.dir/__INT32_LIBZIP.c.o -c /home/ubuntu/Desktop/Project/modman/submodule/zip/lib/libzip-1.10.0/build/CMakeFiles/CheckTypeSize/__INT32_LIBZIP.c
/home/ubuntu/Desktop/Project/modman/submodule/zip/lib/libzip-1.10.0/build/CMakeFiles/CheckTypeSize/__INT32_LIBZIP.c:27:22: error: ‘__int32’ undeclared here (not in a function); did you mean ‘__int32_t’?
   27 | #define SIZE (sizeof(__int32))
      |                      ^~~~~~~
/home/ubuntu/Desktop/Project/modman/submodule/zip/lib/libzip-1.10.0/build/CMakeFiles/CheckTypeSize/__INT32_LIBZIP.c:29:12: note: in expansion of macro ‘SIZE’
   29 |   ('0' + ((SIZE / 10000)%10)),
      |            ^~~~
gmake[2]: *** [CMakeFiles/cmTC_cfd6a.dir/build.make:78: CMakeFiles/cmTC_cfd6a.dir/__INT32_LIBZIP.c.o] Error 1
gmake[2]: Leaving directory '/home/ubuntu/Desktop/Project/modman/submodule/zip/lib/libzip-1.10.0/build/CMakeFiles/CMakeTmp'
gmake[1]: *** [Makefile:127: cmTC_cfd6a/fast] Error 2
gmake[1]: Leaving directory '/home/ubuntu/Desktop/Project/modman/submodule/zip/lib/libzip-1.10.0/build/CMakeFiles/CMakeTmp'


/home/ubuntu/Desktop/Project/modman/submodule/zip/lib/libzip-1.10.0/build/CMakeFiles/CheckTypeSize/__INT32_LIBZIP.c:
#include <sys/types.h>
#include <stdint.h>
#include <stddef.h>


#undef KEY
#if defined(__i386)
# define KEY '_','_','i','3','8','6'
#elif defined(__x86_64)
# define KEY '_','_','x','8','6','_','6','4'
#elif defined(__PPC64__)
# define KEY '_','_','P','P','C','6','4','_','_'
#elif defined(__ppc64__)
# define KEY '_','_','p','p','c','6','4','_','_'
#elif defined(__PPC__)
# define KEY '_','_','P','P','C','_','_'
#elif defined(__ppc__)
# define KEY '_','_','p','p','c','_','_'
#elif defined(__aarch64__)
# define KEY '_','_','a','a','r','c','h','6','4','_','_'
#elif defined(__ARM_ARCH_7A__)
# define KEY '_','_','A','R','M','_','A','R','C','H','_','7','A','_','_'
#elif defined(__ARM_ARCH_7S__)
# define KEY '_','_','A','R','M','_','A','R','C','H','_','7','S','_','_'
#endif

#define SIZE (sizeof(__int32))
static char info_size[] =  {'I', 'N', 'F', 'O', ':', 's','i','z','e','[',
  ('0' + ((SIZE / 10000)%10)),
  ('0' + ((SIZE / 1000)%10)),
  ('0' + ((SIZE / 100)%10)),
  ('0' + ((SIZE / 10)%10)),
  ('0' +  (SIZE    % 10)),
  ']',
#ifdef KEY
  ' ','k','e','y','[', KEY, ']',
#endif
  '\0'};

#ifdef __CLASSIC_C__
int main(argc, argv) int argc; char *argv[];
#else
int main(int argc, char *argv[])
#endif
{
  int require = 0;
  require += info_size[argc];
  (void)argv;
  return require;
}


Determining size of __int64 failed with the following output:
Change Dir: /home/ubuntu/Desktop/Project/modman/submodule/zip/lib/libzip-1.10.0/build/CMakeFiles/CMakeTmp

Run Build Command(s):/usr/bin/gmake -f Makefile cmTC_8d1d0/fast && gmake[1]: Entering directory '/home/ubuntu/Desktop/Project/modman/submodule/zip/lib/libzip-1.10.0/build/CMakeFiles/CMakeTmp'
/usr/bin/gmake  -f CMakeFiles/cmTC_8d1d0.dir/build.make CMakeFiles/cmTC_8d1d0.dir/build
gmake[2]: Entering directory '/home/ubuntu/Desktop/Project/modman/submodule/zip/lib/libzip-1.10.0/build/CMakeFiles/CMakeTmp'
Building C object CMakeFiles/cmTC_8d1d0.dir/__INT64_LIBZIP.c.o
/usr/bin/cc -D__STDC_WANT_LIB_EXT1__=1   -o CMakeFiles/cmTC_8d1d0.dir/__INT64_LIBZIP.c.o -c /home/ubuntu/Desktop/Project/modman/submodule/zip/lib/libzip-1.10.0/build/CMakeFiles/CheckTypeSize/__INT64_LIBZIP.c
/home/ubuntu/Desktop/Project/modman/submodule/zip/lib/libzip-1.10.0/build/CMakeFiles/CheckTypeSize/__INT64_LIBZIP.c:27:22: error: ‘__int64’ undeclared here (not in a function); did you mean ‘__int64_t’?
   27 | #define SIZE (sizeof(__int64))
      |                      ^~~~~~~
/home/ubuntu/Desktop/Project/modman/submodule/zip/lib/libzip-1.10.0/build/CMakeFiles/CheckTypeSize/__INT64_LIBZIP.c:29:12: note: in expansion of macro ‘SIZE’
   29 |   ('0' + ((SIZE / 10000)%10)),
      |            ^~~~
gmake[2]: *** [CMakeFiles/cmTC_8d1d0.dir/build.make:78: CMakeFiles/cmTC_8d1d0.dir/__INT64_LIBZIP.c.o] Error 1
gmake[2]: Leaving directory '/home/ubuntu/Desktop/Project/modman/submodule/zip/lib/libzip-1.10.0/build/CMakeFiles/CMakeTmp'
gmake[1]: *** [Makefile:127: cmTC_8d1d0/fast] Error 2
gmake[1]: Leaving directory '/home/ubuntu/Desktop/Project/modman/submodule/zip/lib/libzip-1.10.0/build/CMakeFiles/CMakeTmp'


/home/ubuntu/Desktop/Project/modman/submodule/zip/lib/libzip-1.10.0/build/CMakeFiles/CheckTypeSize/__INT64_LIBZIP.c:
#include <sys/types.h>
#include <stdint.h>
#include <stddef.h>


#undef KEY
#if defined(__i386)
# define KEY '_','_','i','3','8','6'
#elif defined(__x86_64)
# define KEY '_','_','x','8','6','_','6','4'
#elif defined(__PPC64__)
# define KEY '_','_','P','P','C','6','4','_','_'
#elif defined(__ppc64__)
# define KEY '_','_','p','p','c','6','4','_','_'
#elif defined(__PPC__)
# define KEY '_','_','P','P','C','_','_'
#elif defined(__ppc__)
# define KEY '_','_','p','p','c','_','_'
#elif defined(__aarch64__)
# define KEY '_','_','a','a','r','c','h','6','4','_','_'
#elif defined(__ARM_ARCH_7A__)
# define KEY '_','_','A','R','M','_','A','R','C','H','_','7','A','_','_'
#elif defined(__ARM_ARCH_7S__)
# define KEY '_','_','A','R','M','_','A','R','C','H','_','7','S','_','_'
#endif

#define SIZE (sizeof(__int64))
static char info_size[] =  {'I', 'N', 'F', 'O', ':', 's','i','z','e','[',
  ('0' + ((SIZE / 10000)%10)),
  ('0' + ((SIZE / 1000)%10)),
  ('0' + ((SIZE / 100)%10)),
  ('0' + ((SIZE / 10)%10)),
  ('0' +  (SIZE    % 10)),
  ']',
#ifdef KEY
  ' ','k','e','y','[', KEY, ']',
#endif
  '\0'};

#ifdef __CLASSIC_C__
int main(argc, argv) int argc; char *argv[];
#else
int main(int argc, char *argv[])
#endif
{
  int require = 0;
  require += info_size[argc];
  (void)argv;
  return require;
}


Performing C SOURCE FILE Test HAVE_NULLABLE failed with the following output:
Change Dir: /home/ubuntu/Desktop/Project/modman/submodule/zip/lib/libzip-1.10.0/build/CMakeFiles/CMakeTmp

Run Build Command(s):/usr/bin/gmake -f Makefile cmTC_6dcfe/fast && gmake[1]: Entering directory '/home/ubuntu/Desktop/Project/modman/submodule/zip/lib/libzip-1.10.0/build/CMakeFiles/CMakeTmp'
/usr/bin/gmake  -f CMakeFiles/cmTC_6dcfe.dir/build.make CMakeFiles/cmTC_6dcfe.dir/build
gmake[2]: Entering directory '/home/ubuntu/Desktop/Project/modman/submodule/zip/lib/libzip-1.10.0/build/CMakeFiles/CMakeTmp'
Building C object CMakeFiles/cmTC_6dcfe.dir/src.c.o
/usr/bin/cc -DHAVE_NULLABLE -D__STDC_WANT_LIB_EXT1__=1   -o CMakeFiles/cmTC_6dcfe.dir/src.c.o -c /home/ubuntu/Desktop/Project/modman/submodule/zip/lib/libzip-1.10.0/build/CMakeFiles/CMakeTmp/src.c
/home/ubuntu/Desktop/Project/modman/submodule/zip/lib/libzip-1.10.0/build/CMakeFiles/CMakeTmp/src.c:2:26: error: expected ‘;’, ‘,’ or ‘)’ before ‘bar’
    2 | int foo(char * _Nullable bar);
      |                          ^~~
gmake[2]: *** [CMakeFiles/cmTC_6dcfe.dir/build.make:78: CMakeFiles/cmTC_6dcfe.dir/src.c.o] Error 1
gmake[2]: Leaving directory '/home/ubuntu/Desktop/Project/modman/submodule/zip/lib/libzip-1.10.0/build/CMakeFiles/CMakeTmp'
gmake[1]: *** [Makefile:127: cmTC_6dcfe/fast] Error 2
gmake[1]: Leaving directory '/home/ubuntu/Desktop/Project/modman/submodule/zip/lib/libzip-1.10.0/build/CMakeFiles/CMakeTmp'


Source file was:

int foo(char * _Nullable bar);
int main(int argc, char *argv[]) { }
